Removed Member From Class: ClassName=主控转接板-V2.0 Member=D1
Added Component: Designator=LED?(LED_0603)
Added Pin To Net: NetName=NetD1_2 Pin=LED?-K
Change Net Name : Old Net Name=NetD1_2 New Net Name=NetLED?_K
Added Pin To Net: NetName=GND Pin=BUS1-3
Added Pin To Net: NetName=GND Pin=BUS2-3
Added Pin To Net: NetName=GND Pin=C1-1
Added Pin To Net: NetName=GND Pin=C2-1
Added Pin To Net: NetName=GND Pin=C3-2
Added Pin To Net: NetName=GND Pin=C_K1-1
Added Pin To Net: NetName=GND Pin=C_K2-2
Added Pin To Net: NetName=GND Pin=P0-2
Added Pin To Net: NetName=GND Pin=PW1-2
Added Pin To Net: NetName=GND Pin=PW2-2
Added Pin To Net: NetName=GND Pin=Q1-2
Added Pin To Net: NetName=GND Pin=Q_K2-2
Added Pin To Net: NetName=GND Pin=Q_K3-2
Added Pin To Net: NetName=GND Pin=R_K8-1
Added Pin To Net: NetName=GND Pin=U1-1
Added Pin To Net: NetName=GND Pin=U2-4
Added Pin To Net: NetName=GND Pin=U3-5
Added Pin To Net: NetName=GND Pin=U3-8
Added Pin To Net: NetName=GND Pin=U?-4
Added Pin To Net: NetName=GND Pin=U?-7
Added Pin To Net: NetName=GND Pin=U?-12
Added Pin To Net: NetName=GND Pin=U?-18
Added Pin To Net: NetName=GND Pin=U?-23
Added Pin To Net: NetName=GND Pin=U?-28
Added Pin To Net: NetName=GND Pin=U?-32
Added Pin To Net: NetName=GND Pin=U?-37
Added Net: Name=GND
Added Pin To Net: NetName=NetLED?_A Pin=LED?-A
Added Pin To Net: NetName=NetLED?_A Pin=R_K3-1
Added Net: Name=NetLED?_A
Added Member To Class: ClassName=主控转接板-V2.0 Member=Component LED? LED
Added Room: Name=主控转接板-V2.0
