Added Component: Designator=BUS1(3P)
Added Component: Designator=BUS2(3P)
Added Component: Designator=C1(Cap_0603)
Added Component: Designator=C2(Cap_0603)
Added Component: Designator=C3(Cap_0603)
Added Component: Designator=C_K1(0603 C)
Added Component: Designator=C_K2(0603 C)
Added Component: Designator=D1(LED_0603)
Added Component: Designator=P0(MP2315GJ)
Added Component: Designator=PW1(2P)
Added Component: Designator=PW2(2P)
Added Component: Designator=Q1(LC-SOT-23(SOT-23-3))
Added Component: Designator=Q_K1(LC-SOT-23(SOT-23-3))
Added Component: Designator=Q_K2(LC-SOT-23(SOT-23-3))
Added Component: Designator=Q_K3(LC-SOT-23(SOT-23-3))
Added Component: Designator=R1(Res_0603)
Added Component: Designator=R2(Res_0603)
Added Component: Designator=R3(Res_0603)
Added Component: Designator=R_J1(Res_0603)
Added Component: Designator=R_J2(Res_0603)
Added Component: Designator=R_K1(0603 R)
Added Component: Designator=R_K2(0603 R)
Added Component: Designator=R_K3(0603 R)
Added Component: Designator=R_K4(0603 R)
Added Component: Designator=R_K5(0603 R)
Added Component: Designator=R_K6(0603 R)
Added Component: Designator=R_K7(0603 R)
Added Component: Designator=R_K8(0603 R)
Added Component: Designator=S1(Touch Switch)
Added Component: Designator=U1(LC-SOT-23(SOT-23-3))
Added Component: Designator=U2(VSSOP-8)
Added Component: Designator=U3(JY901)
Added Component: Designator=U4(SOP-8 1)
Added Component: Designator=U5(SOP-8 1)
Added Component: Designator=U?(2.54 2*20PIN)
Added Pin To Net: NetName=3.3V Pin=C1-2
Added Pin To Net: NetName=3.3V Pin=C3-1
Added Pin To Net: NetName=3.3V Pin=R1-2
Added Pin To Net: NetName=3.3V Pin=R3-2
Added Pin To Net: NetName=3.3V Pin=U1-2
Added Pin To Net: NetName=3.3V Pin=U2-8
Added Net: Name=3.3V
Added Pin To Net: NetName=5.0V Pin=C2-2
Added Pin To Net: NetName=5.0V Pin=P0-1
Added Pin To Net: NetName=5.0V Pin=R_J1-1
Added Pin To Net: NetName=5.0V Pin=R_J2-1
Added Pin To Net: NetName=5.0V Pin=U1-3
Added Pin To Net: NetName=5.0V Pin=U3-2
Added Pin To Net: NetName=5.0V Pin=U3-11
Added Pin To Net: NetName=5.0V Pin=U?-2
Added Net: Name=5.0V
Added Pin To Net: NetName=BUS Pin=BUS1-1
Added Pin To Net: NetName=BUS Pin=BUS2-1
Added Pin To Net: NetName=BUS Pin=R3-1
Added Pin To Net: NetName=BUS Pin=U2-5
Added Pin To Net: NetName=BUS Pin=U2-6
Added Net: Name=BUS
Added Pin To Net: NetName=EN Pin=P0-4
Added Net: Name=EN
Added Pin To Net: NetName=GND Pin=BUS1-3
Added Pin To Net: NetName=GND Pin=BUS2-3
Added Pin To Net: NetName=GND Pin=C1-1
Added Pin To Net: NetName=GND Pin=C2-1
Added Pin To Net: NetName=GND Pin=C3-2
Added Pin To Net: NetName=GND Pin=C_K1-1
Added Pin To Net: NetName=GND Pin=C_K2-2
Added Pin To Net: NetName=GND Pin=P0-2
Added Pin To Net: NetName=GND Pin=PW1-2
Added Pin To Net: NetName=GND Pin=PW2-2
Added Pin To Net: NetName=GND Pin=Q1-2
Added Pin To Net: NetName=GND Pin=Q_K2-2
Added Pin To Net: NetName=GND Pin=Q_K3-2
Added Pin To Net: NetName=GND Pin=R_K8-1
Added Pin To Net: NetName=GND Pin=U1-1
Added Pin To Net: NetName=GND Pin=U2-4
Added Pin To Net: NetName=GND Pin=U3-5
Added Pin To Net: NetName=GND Pin=U3-8
Added Pin To Net: NetName=GND Pin=U?-4
Added Pin To Net: NetName=GND Pin=U?-7
Added Pin To Net: NetName=GND Pin=U?-12
Added Pin To Net: NetName=GND Pin=U?-18
Added Pin To Net: NetName=GND Pin=U?-23
Added Pin To Net: NetName=GND Pin=U?-28
Added Pin To Net: NetName=GND Pin=U?-32
Added Pin To Net: NetName=GND Pin=U?-37
Added Net: Name=GND
Added Pin To Net: NetName=I2C_SCL Pin=R_J1-2
Added Pin To Net: NetName=I2C_SCL Pin=U3-10
Added Pin To Net: NetName=I2C_SCL Pin=U?-3
Added Net: Name=I2C_SCL
Added Pin To Net: NetName=I2C_SDA Pin=R_J2-2
Added Pin To Net: NetName=I2C_SDA Pin=U3-9
Added Pin To Net: NetName=I2C_SDA Pin=U?-1
Added Net: Name=I2C_SDA
Added Pin To Net: NetName=NetC_K1_2 Pin=C_K1-2
Added Pin To Net: NetName=NetC_K1_2 Pin=R_K5-1
Added Pin To Net: NetName=NetC_K1_2 Pin=R_K6-2
Added Pin To Net: NetName=NetC_K1_2 Pin=S1-1
Added Net: Name=NetC_K1_2
Added Pin To Net: NetName=NetC_K2_1 Pin=C_K2-1
Added Pin To Net: NetName=NetC_K2_1 Pin=R_K7-1
Added Pin To Net: NetName=NetC_K2_1 Pin=S1-2
Added Net: Name=NetC_K2_1
Added Pin To Net: NetName=NetD1_1 Pin=R_K3-1
Added Net: Name=NetD1_1
Added Pin To Net: NetName=NetD1_2 Pin=Q_K3-3
Added Pin To Net: NetName=NetD1_2 Pin=R_K4-1
Added Pin To Net: NetName=NetD1_2 Pin=R_K7-2
Added Net: Name=NetD1_2
Added Pin To Net: NetName=NetQ1_1 Pin=Q1-1
Added Pin To Net: NetName=NetQ1_1 Pin=R2-1
Added Net: Name=NetQ1_1
Added Pin To Net: NetName=NetQ_K1_1 Pin=Q_K1-1
Added Pin To Net: NetName=NetQ_K1_1 Pin=R_K2-1
Added Pin To Net: NetName=NetQ_K1_1 Pin=R_K4-2
Added Net: Name=NetQ_K1_1
Added Pin To Net: NetName=NetQ_K1_3 Pin=Q_K1-3
Added Pin To Net: NetName=NetQ_K1_3 Pin=Q_K2-1
Added Pin To Net: NetName=NetQ_K1_3 Pin=R_K5-2
Added Net: Name=NetQ_K1_3
Added Pin To Net: NetName=NetQ_K2_3 Pin=Q_K2-3
Added Pin To Net: NetName=NetQ_K2_3 Pin=R_K1-1
Added Pin To Net: NetName=NetQ_K2_3 Pin=U4-4
Added Pin To Net: NetName=NetQ_K2_3 Pin=U5-4
Added Net: Name=NetQ_K2_3
Added Pin To Net: NetName=NetQ_K3_1 Pin=Q_K3-1
Added Pin To Net: NetName=NetQ_K3_1 Pin=R_K6-1
Added Pin To Net: NetName=NetQ_K3_1 Pin=R_K8-2
Added Net: Name=NetQ_K3_1
Added Pin To Net: NetName=RX Pin=U2-3
Added Pin To Net: NetName=RX Pin=U?-8
Added Net: Name=RX
Added Pin To Net: NetName=TX1 Pin=Q1-3
Added Pin To Net: NetName=TX1 Pin=R1-1
Added Pin To Net: NetName=TX1 Pin=U2-1
Added Net: Name=TX1
Added Pin To Net: NetName=TX Pin=R2-2
Added Pin To Net: NetName=TX Pin=U2-2
Added Pin To Net: NetName=TX Pin=U2-7
Added Pin To Net: NetName=TX Pin=U?-6
Added Net: Name=TX
Added Pin To Net: NetName=VCC-IN Pin=Q_K1-2
Added Pin To Net: NetName=VCC-IN Pin=R_K1-2
Added Pin To Net: NetName=VCC-IN Pin=R_K2-2
Added Pin To Net: NetName=VCC-IN Pin=R_K3-2
Added Pin To Net: NetName=VCC-IN Pin=U4-1
Added Pin To Net: NetName=VCC-IN Pin=U4-2
Added Pin To Net: NetName=VCC-IN Pin=U4-3
Added Pin To Net: NetName=VCC-IN Pin=U5-1
Added Pin To Net: NetName=VCC-IN Pin=U5-2
Added Pin To Net: NetName=VCC-IN Pin=U5-3
Added Net: Name=VCC-IN
Added Pin To Net: NetName=VCC-OUT Pin=U4-5
Added Pin To Net: NetName=VCC-OUT Pin=U4-6
Added Pin To Net: NetName=VCC-OUT Pin=U4-7
Added Pin To Net: NetName=VCC-OUT Pin=U4-8
Added Pin To Net: NetName=VCC-OUT Pin=U5-5
Added Pin To Net: NetName=VCC-OUT Pin=U5-6
Added Pin To Net: NetName=VCC-OUT Pin=U5-7
Added Pin To Net: NetName=VCC-OUT Pin=U5-8
Added Net: Name=VCC-OUT
Added Pin To Net: NetName=VCC_IN Pin=BUS1-2
Added Pin To Net: NetName=VCC_IN Pin=BUS2-2
Added Pin To Net: NetName=VCC_IN Pin=PW1-1
Added Pin To Net: NetName=VCC_IN Pin=PW2-1
Added Net: Name=VCC_IN
Added Pin To Net: NetName=VCC_OUT Pin=P0-3
Added Net: Name=VCC_OUT
Added Class: Name=主控转接板-V2.0
Added Room: Name=主控转接板-V2.0
