Removed Pin From Net: NetName=VCC Pin=C5-1
Removed Pin From Net: NetName=GND Pin=C5-2
Removed Pin From Net: NetName=OUT1 Pin=C6-1
Removed Pin From Net: NetName=GND Pin=C6-2
Removed Pin From Net: NetName=VCC Pin=C7-1
Removed Pin From Net: NetName=GND Pin=C7-2
Removed Pin From Net: NetName=OUT1 Pin=C8-1
Removed Pin From Net: NetName=GND Pin=C8-2
Removed Pin From Net: NetName=GND Pin=D2-A
Removed Pin From Net: NetName=GND Pin=D3-A
Removed Pin From Net: NetName=OUT1 Pin=L2-2
Removed Pin From Net: NetName=OUT1 Pin=L?-2
Removed Pin From Net: NetName=OUT1 Pin=R3-3
Removed Pin From Net: NetName=GND Pin=R4-2
Removed Pin From Net: NetName=OUT1 Pin=R5-3
Removed Pin From Net: NetName=GND Pin=R6-2
Removed Pin From Net: NetName=VCC Pin=U3-1
Removed Pin From Net: NetName=GND Pin=U3-3
Removed Pin From Net: NetName=GND Pin=U3-5
Removed Pin From Net: NetName=VCC Pin=U4-1
Removed Pin From Net: NetName=GND Pin=U4-3
Removed Pin From Net: NetName=GND Pin=U4-5
Removed Member From Class: ClassName=总线驱动板-V1.0 Member=C5
Removed Member From Class: ClassName=总线驱动板-V1.0 Member=C6
Removed Member From Class: ClassName=总线驱动板-V1.0 Member=C7
Removed Member From Class: ClassName=总线驱动板-V1.0 Member=C8
Removed Member From Class: ClassName=总线驱动板-V1.0 Member=D2
Removed Member From Class: ClassName=总线驱动板-V1.0 Member=D3
Removed Member From Class: ClassName=总线驱动板-V1.0 Member=L2
Removed Member From Class: ClassName=总线驱动板-V1.0 Member=L?
Removed Member From Class: ClassName=总线驱动板-V1.0 Member=R3
Removed Member From Class: ClassName=总线驱动板-V1.0 Member=R4
Removed Member From Class: ClassName=总线驱动板-V1.0 Member=R5
Removed Member From Class: ClassName=总线驱动板-V1.0 Member=R6
Removed Member From Class: ClassName=总线驱动板-V1.0 Member=U3
Removed Member From Class: ClassName=总线驱动板-V1.0 Member=U4
Added Pin To Net: NetName=OUT1 Pin=Servo2-2
Added Pin To Net: NetName=OUT1 Pin=Servo3-2
Added Room: Name=总线驱动板-V1.0
