Added Component: Designator=U3(SOT-23-5)
Added Component: Designator=U4(SOT-23-5)
Added Component: Designator=U6(SOT-23-5)
Added Pin To Net: NetName=GND Pin=U3-3
Added Pin To Net: NetName=PWM1 Pin=U3-4
Added Pin To Net: NetName=VCC Pin=U3-5
Added Pin To Net: NetName=GND Pin=U4-3
Added Pin To Net: NetName=PWM2 Pin=U4-4
Added Pin To Net: NetName=VCC Pin=U4-5
Added Pin To Net: NetName=GND Pin=U6-3
Added Pin To Net: NetName=PWM3 Pin=U6-4
Added Pin To Net: NetName=VCC Pin=U6-5
Added Pin To Net: NetName=A Pin=U3-2
Added Net: Name=A
Added Pin To Net: NetName=B Pin=U4-2
Added Net: Name=B
Added Pin To Net: NetName=C Pin=U6-2
Added Net: Name=C
Added Member To Class: ClassName=总线驱动板-V1.0 Member=Component U3 74V1G14
Added Member To Class: ClassName=总线驱动板-V1.0 Member=Component U4 74V1G14
Added Member To Class: ClassName=总线驱动板-V1.0 Member=Component U6 74V1G14
